0 info it worked if it ends with ok
1 verbose cli [ 'node', '/usr/local/bin/npm', 'i', '--save', 'highlight' ]
2 info using npm@2.12.1
3 info using node@v0.12.6
4 verbose node symlink /usr/local/bin/node
5 verbose install initial load of /Users/lmr/code/react-blogger/package.json
6 warn package.json react-blogger@0.0.1 No repository field.
7 verbose installManyTop reading scoped package data from /Users/lmr/code/react-blogger/node_modules/alt/package.json
8 verbose installManyTop reading scoped package data from /Users/lmr/code/react-blogger/node_modules/babel-core/package.json
9 verbose installManyTop reading scoped package data from /Users/lmr/code/react-blogger/node_modules/babel-loader/package.json
10 verbose installManyTop reading scoped package data from /Users/lmr/code/react-blogger/node_modules/babel-runtime/package.json
11 verbose installManyTop reading scoped package data from /Users/lmr/code/react-blogger/node_modules/bcrypt/package.json
12 verbose installManyTop reading scoped package data from /Users/lmr/code/react-blogger/node_modules/body-parser/package.json
13 verbose installManyTop reading scoped package data from /Users/lmr/code/react-blogger/node_modules/chalk/package.json
14 verbose installManyTop reading scoped package data from /Users/lmr/code/react-blogger/node_modules/classnames/package.json
15 verbose installManyTop reading scoped package data from /Users/lmr/code/react-blogger/node_modules/codemirror/package.json
16 verbose installManyTop reading scoped package data from /Users/lmr/code/react-blogger/node_modules/compression/package.json
17 verbose installManyTop reading scoped package data from /Users/lmr/code/react-blogger/node_modules/connect-pg-simple/package.json
18 verbose installManyTop reading scoped package data from /Users/lmr/code/react-blogger/node_modules/contrast/package.json
19 verbose installManyTop reading scoped package data from /Users/lmr/code/react-blogger/node_modules/cookie-parser/package.json
20 verbose installManyTop reading scoped package data from /Users/lmr/code/react-blogger/node_modules/css-loader/package.json
21 verbose installManyTop reading scoped package data from /Users/lmr/code/react-blogger/node_modules/ejs/package.json
22 verbose installManyTop reading scoped package data from /Users/lmr/code/react-blogger/node_modules/es5-shim/package.json
23 verbose installManyTop reading scoped package data from /Users/lmr/code/react-blogger/node_modules/es6-promise/package.json
24 verbose installManyTop reading scoped package data from /Users/lmr/code/react-blogger/node_modules/es6-shim/package.json
25 verbose installManyTop reading scoped package data from /Users/lmr/code/react-blogger/node_modules/express/package.json
26 verbose installManyTop reading scoped package data from /Users/lmr/code/react-blogger/node_modules/express-session/package.json
27 verbose installManyTop reading scoped package data from /Users/lmr/code/react-blogger/node_modules/extract-text-webpack-plugin/package.json
28 verbose installManyTop reading scoped package data from /Users/lmr/code/react-blogger/node_modules/helmet/package.json
29 verbose installManyTop reading scoped package data from /Users/lmr/code/react-blogger/node_modules/highlight.js/package.json
30 verbose installManyTop reading scoped package data from /Users/lmr/code/react-blogger/node_modules/immutable/package.json
31 verbose installManyTop reading scoped package data from /Users/lmr/code/react-blogger/node_modules/invariant/package.json
32 verbose installManyTop reading scoped package data from /Users/lmr/code/react-blogger/node_modules/jasmine/package.json
33 verbose installManyTop reading scoped package data from /Users/lmr/code/react-blogger/node_modules/jasmine-core/package.json
34 verbose installManyTop reading scoped package data from /Users/lmr/code/react-blogger/node_modules/json-loader/package.json
35 verbose installManyTop reading scoped package data from /Users/lmr/code/react-blogger/node_modules/karma/package.json
36 verbose installManyTop reading scoped package data from /Users/lmr/code/react-blogger/node_modules/karma-chrome-launcher/package.json
37 verbose installManyTop reading scoped package data from /Users/lmr/code/react-blogger/node_modules/karma-jasmine/package.json
38 verbose installManyTop reading scoped package data from /Users/lmr/code/react-blogger/node_modules/karma-spec-reporter/package.json
39 verbose installManyTop reading scoped package data from /Users/lmr/code/react-blogger/node_modules/karma-webpack/package.json
40 verbose installManyTop reading scoped package data from /Users/lmr/code/react-blogger/node_modules/keymaster/package.json
41 verbose installManyTop reading scoped package data from /Users/lmr/code/react-blogger/node_modules/less/package.json
42 verbose installManyTop reading scoped package data from /Users/lmr/code/react-blogger/node_modules/less-loader/package.json
43 verbose installManyTop reading scoped package data from /Users/lmr/code/react-blogger/node_modules/lodash/package.json
44 verbose installManyTop reading scoped package data from /Users/lmr/code/react-blogger/node_modules/marked/package.json
45 verbose installManyTop reading scoped package data from /Users/lmr/code/react-blogger/node_modules/md2react/package.json
46 verbose installManyTop reading scoped package data from /Users/lmr/code/react-blogger/node_modules/md5/package.json
47 verbose installManyTop reading scoped package data from /Users/lmr/code/react-blogger/node_modules/method-override/package.json
48 verbose installManyTop reading scoped package data from /Users/lmr/code/react-blogger/node_modules/moment/package.json
49 verbose installManyTop reading scoped package data from /Users/lmr/code/react-blogger/node_modules/morgan/package.json
50 verbose installManyTop reading scoped package data from /Users/lmr/code/react-blogger/node_modules/node-libs-browser/package.json
51 verbose installManyTop reading scoped package data from /Users/lmr/code/react-blogger/node_modules/normalizr/package.json
52 verbose installManyTop reading scoped package data from /Users/lmr/code/react-blogger/node_modules/passport/package.json
53 verbose installManyTop reading scoped package data from /Users/lmr/code/react-blogger/node_modules/passport-local/package.json
54 verbose installManyTop reading scoped package data from /Users/lmr/code/react-blogger/node_modules/pg/package.json
55 verbose installManyTop reading scoped package data from /Users/lmr/code/react-blogger/node_modules/pg-hstore/package.json
56 verbose installManyTop reading scoped package data from /Users/lmr/code/react-blogger/node_modules/pure-render-mixin/package.json
57 verbose installManyTop reading scoped package data from /Users/lmr/code/react-blogger/node_modules/react/package.json
58 verbose installManyTop reading scoped package data from /Users/lmr/code/react-blogger/node_modules/react-code-mirror/package.json
59 verbose installManyTop reading scoped package data from /Users/lmr/code/react-blogger/node_modules/react-codemirror/package.json
60 verbose installManyTop reading scoped package data from /Users/lmr/code/react-blogger/node_modules/react-datepicker/package.json
61 verbose installManyTop reading scoped package data from /Users/lmr/code/react-blogger/node_modules/react-document-title/package.json
62 verbose installManyTop reading scoped package data from /Users/lmr/code/react-blogger/node_modules/react-flux/package.json
63 verbose installManyTop reading scoped package data from /Users/lmr/code/react-blogger/node_modules/react-fontawesome/package.json
64 verbose installManyTop reading scoped package data from /Users/lmr/code/react-blogger/node_modules/react-highlight/package.json
65 verbose installManyTop reading scoped package data from /Users/lmr/code/react-blogger/node_modules/react-hotkeys/package.json
66 verbose installManyTop reading scoped package data from /Users/lmr/code/react-blogger/node_modules/react-infinite-scroll/package.json
67 verbose installManyTop reading scoped package data from /Users/lmr/code/react-blogger/node_modules/react-pager/package.json
68 verbose installManyTop reading scoped package data from /Users/lmr/code/react-blogger/node_modules/react-router/package.json
69 verbose installManyTop reading scoped package data from /Users/lmr/code/react-blogger/node_modules/react-timeago/package.json
70 verbose installManyTop reading scoped package data from /Users/lmr/code/react-blogger/node_modules/redux/package.json
71 verbose installManyTop reading scoped package data from /Users/lmr/code/react-blogger/node_modules/sequelize/package.json
72 verbose installManyTop reading scoped package data from /Users/lmr/code/react-blogger/node_modules/sequelize-cli/package.json
73 verbose installManyTop reading scoped package data from /Users/lmr/code/react-blogger/node_modules/serve-favicon/package.json
74 verbose installManyTop reading scoped package data from /Users/lmr/code/react-blogger/node_modules/shortid/package.json
75 verbose installManyTop reading scoped package data from /Users/lmr/code/react-blogger/node_modules/sinon/package.json
76 verbose installManyTop reading scoped package data from /Users/lmr/code/react-blogger/node_modules/source-map-support/package.json
77 verbose installManyTop reading scoped package data from /Users/lmr/code/react-blogger/node_modules/style-loader/package.json
78 verbose installManyTop reading scoped package data from /Users/lmr/code/react-blogger/node_modules/superagent/package.json
79 verbose installManyTop reading scoped package data from /Users/lmr/code/react-blogger/node_modules/url-append/package.json
80 verbose installManyTop reading scoped package data from /Users/lmr/code/react-blogger/node_modules/url-parse/package.json
81 verbose installManyTop reading scoped package data from /Users/lmr/code/react-blogger/node_modules/webpack/package.json
82 verbose installManyTop reading scoped package data from /Users/lmr/code/react-blogger/node_modules/webpack-dev-server/package.json
83 info package.json css-loader@0.13.1 No license field.
84 info package.json json-loader@0.5.1 No license field.
85 info package.json karma-webpack@1.5.1 No license field.
86 info package.json less-loader@2.2.0 No license field.
87 info package.json md5@1.0.1 No README data
88 info package.json md5@1.0.1 No license field.
89 info package.json moment@2.10.3 No license field.
90 info package.json passport-local@1.0.0 No license field.
91 info package.json sinon@1.14.1 No license field.
92 info package.json style-loader@0.12.2 No license field.
93 info package.json bcrypt@0.8.3 No license field.
94 info package.json invariant@2.1.0 license should be a valid SPDX license expression
95 info package.json keymaster@1.6.2 No license field.
96 info package.json pg-hstore@2.3.2 No license field.
97 info package.json react-codemirror@0.1.2 No license field.
98 info package.json superagent@1.2.0 No license field.
99 verbose readDependencies loading dependencies from /Users/lmr/code/react-blogger/package.json
100 silly cache add args [ 'highlight', null ]
101 verbose cache add spec highlight
102 silly cache add parsed spec { raw: 'highlight',
102 silly cache add   scope: null,
102 silly cache add   name: 'highlight',
102 silly cache add   rawSpec: '',
102 silly cache add   spec: '*',
102 silly cache add   type: 'range' }
103 silly addNamed highlight@*
104 verbose addNamed "*" is a valid semver range for highlight
105 silly addNameRange { name: 'highlight', range: '*', hasData: false }
106 silly mapToRegistry name highlight
107 silly mapToRegistry using default registry
108 silly mapToRegistry registry https://registry.npmjs.org/
109 silly mapToRegistry uri https://registry.npmjs.org/highlight
110 verbose addNameRange registry:https://registry.npmjs.org/highlight not in flight; fetching
111 verbose request uri https://registry.npmjs.org/highlight
112 verbose request no auth needed
113 info attempt registry request try #1 at 00:25:02
114 verbose request using bearer token for auth
115 verbose request id 35f69a11360c4a3f
116 http request GET https://registry.npmjs.org/highlight
117 http 200 https://registry.npmjs.org/highlight
118 silly get cb [ 200,
118 silly get   { server: 'CouchDB/1.5.0 (Erlang OTP/R16B03)',
118 silly get     etag: '"5UA2L16DVBS50I4EXQS7T4XRE"',
118 silly get     'content-type': 'application/json',
118 silly get     'cache-control': 'max-age=60',
118 silly get     'content-length': '6191',
118 silly get     'accept-ranges': 'bytes',
118 silly get     date: 'Sat, 11 Jul 2015 07:25:02 GMT',
118 silly get     via: '1.1 varnish',
118 silly get     connection: 'keep-alive',
118 silly get     'x-served-by': 'cache-sjc3125-SJC',
118 silly get     'x-cache': 'MISS',
118 silly get     'x-cache-hits': '0',
118 silly get     'x-timer': 'S1436599502.671631,VS0,VE39',
118 silly get     vary: 'Accept' } ]
119 verbose get saving highlight to /Users/lmr/.npm/registry.npmjs.org/highlight/.cache.json
120 silly addNameRange number 2 { name: 'highlight', range: '*', hasData: true }
121 silly addNameRange versions [ 'highlight', [ '0.1.0', '0.2.0', '0.2.1', '0.2.2', '0.2.3' ] ]
122 silly addNamed highlight@0.2.3
123 verbose addNamed "0.2.3" is a plain semver version for highlight
124 silly mapToRegistry name highlight
125 silly mapToRegistry using default registry
126 silly mapToRegistry registry https://registry.npmjs.org/
127 silly mapToRegistry uri https://registry.npmjs.org/highlight
128 verbose addRemoteTarball https://registry.npmjs.org/highlight/-/highlight-0.2.3.tgz not in flight; adding
129 verbose addRemoteTarball [ 'https://registry.npmjs.org/highlight/-/highlight-0.2.3.tgz',
129 verbose addRemoteTarball   '67ab9b871ac0c8e476c64c0112f90ba74f2547ee' ]
130 info retry fetch attempt 1 at 00:25:02
131 info attempt registry request try #1 at 00:25:02
132 http fetch GET https://registry.npmjs.org/highlight/-/highlight-0.2.3.tgz
133 verbose request using bearer token for auth
134 http fetch 200 https://registry.npmjs.org/highlight/-/highlight-0.2.3.tgz
135 silly fetchAndShaCheck shasum 67ab9b871ac0c8e476c64c0112f90ba74f2547ee
136 verbose addTmpTarball /var/folders/18/d5n9rbfn6gq7_2xqlhqb9f5m0000gn/T/npm-47577-b9365fc8/registry.npmjs.org/highlight/-/highlight-0.2.3.tgz not in flight; adding
137 verbose addTmpTarball already have metadata; skipping unpack for highlight@0.2.3
138 silly cache afterAdd highlight@0.2.3
139 verbose afterAdd /Users/lmr/.npm/highlight/0.2.3/package/package.json not in flight; writing
140 verbose afterAdd /Users/lmr/.npm/highlight/0.2.3/package/package.json written
141 silly install resolved [ { name: 'highlight',
141 silly install resolved     description: 'Highlight code syntax with node.js',
141 silly install resolved     version: '0.2.3',
141 silly install resolved     author: { name: 'Andris Reinman' },
141 silly install resolved     maintainers: [ [Object], [Object] ],
141 silly install resolved     repository: { type: 'git', url: 'http://github.com/andris9/highlight.git' },
141 silly install resolved     directories: { lib: './lib' },
141 silly install resolved     main: './lib/highlight',
141 silly install resolved     licenses: [ [Object] ],
141 silly install resolved     _id: 'highlight@0.2.3',
141 silly install resolved     dist:
141 silly install resolved      { shasum: '67ab9b871ac0c8e476c64c0112f90ba74f2547ee',
141 silly install resolved        tarball: 'http://registry.npmjs.org/highlight/-/highlight-0.2.3.tgz' },
141 silly install resolved     _shasum: '67ab9b871ac0c8e476c64c0112f90ba74f2547ee',
141 silly install resolved     _resolved: 'https://registry.npmjs.org/highlight/-/highlight-0.2.3.tgz',
141 silly install resolved     _from: 'highlight@*' } ]
142 info install highlight@0.2.3 into /Users/lmr/code/react-blogger
143 info installOne highlight@0.2.3
144 verbose installOne of highlight to /Users/lmr/code/react-blogger not in flight; installing
145 verbose lock using /Users/lmr/.npm/_locks/highlight-9ed682200da1d197.lock for /Users/lmr/code/react-blogger/node_modules/highlight
146 silly install write writing highlight 0.2.3 to /Users/lmr/code/react-blogger/node_modules/highlight
147 verbose unbuild node_modules/highlight
148 silly gentlyRm /Users/lmr/code/react-blogger/node_modules/highlight is being purged from base /Users/lmr/code/react-blogger
149 verbose gentlyRm don't care about contents; nuking /Users/lmr/code/react-blogger/node_modules/highlight
150 verbose tar unpack /Users/lmr/.npm/highlight/0.2.3/package.tgz
151 verbose tar unpacking to /Users/lmr/code/react-blogger/node_modules/highlight
152 silly gentlyRm /Users/lmr/code/react-blogger/node_modules/highlight is being purged
153 verbose gentlyRm don't care about contents; nuking /Users/lmr/code/react-blogger/node_modules/highlight
154 silly gunzTarPerm modes [ '755', '644' ]
155 silly gunzTarPerm extractEntry package.json
156 silly gunzTarPerm extractEntry README.md
157 silly gunzTarPerm extractEntry LICENSE
158 silly gunzTarPerm extractEntry bin/package.json
159 silly gunzTarPerm extractEntry bin/highlight-cli.js
160 silly gunzTarPerm extractEntry examples/example.js
161 silly gunzTarPerm extractEntry examples/should-annotate-xml.js
162 silly gunzTarPerm extractEntry examples/should-load-all-languages.js
163 silly gunzTarPerm extractEntry examples/should-load-js-only.js
164 silly gunzTarPerm extractEntry examples/should-load-no-languages.js
165 silly gunzTarPerm extractEntry examples/test.js
166 silly gunzTarPerm extractEntry examples/example.html
167 silly gunzTarPerm extractEntry examples/example.js.html
168 silly gunzTarPerm extractEntry lib/highlight.js
169 silly gunzTarPerm extractEntry lib/vendor/highlight.js/README.md
170 silly gunzTarPerm extractEntry lib/vendor/highlight.js/LICENSE
171 silly gunzTarPerm extractEntry lib/vendor/highlight.js/highlight.js
172 silly gunzTarPerm extractEntry lib/vendor/highlight.js/highlight.pack.js
173 silly gunzTarPerm extractEntry lib/vendor/highlight.js/highlight_src.js
174 silly gunzTarPerm extractEntry lib/vendor/highlight.js/languages/1c.js
175 silly gunzTarPerm extractEntry lib/vendor/highlight.js/languages/haskell.js
176 silly gunzTarPerm extractEntry lib/vendor/highlight.js/languages/ini.js
177 silly gunzTarPerm extractEntry lib/vendor/highlight.js/languages/java.js
178 silly gunzTarPerm extractEntry lib/vendor/highlight.js/languages/javascript.js
179 silly gunzTarPerm extractEntry lib/vendor/highlight.js/languages/go.js
180 silly gunzTarPerm extractEntry lib/vendor/highlight.js/languages/lua.js
181 silly gunzTarPerm extractEntry lib/vendor/highlight.js/languages/mel.js
182 silly gunzTarPerm extractEntry lib/vendor/highlight.js/languages/nginx.js
183 silly gunzTarPerm extractEntry lib/vendor/highlight.js/languages/objectivec.js
184 silly gunzTarPerm extractEntry lib/vendor/highlight.js/languages/parser3.js
185 silly gunzTarPerm extractEntry lib/vendor/highlight.js/languages/erlang.js
186 silly gunzTarPerm extractEntry lib/vendor/highlight.js/languages/perl.js
187 silly gunzTarPerm extractEntry lib/vendor/highlight.js/languages/erlang-repl.js
188 silly gunzTarPerm extractEntry lib/vendor/highlight.js/languages/php.js
189 silly gunzTarPerm extractEntry lib/vendor/highlight.js/languages/dos.js
190 silly gunzTarPerm extractEntry lib/vendor/highlight.js/languages/profile.js
191 silly gunzTarPerm extractEntry lib/vendor/highlight.js/languages/django.js
192 silly gunzTarPerm extractEntry lib/vendor/highlight.js/languages/python.js
193 silly gunzTarPerm extractEntry lib/vendor/highlight.js/languages/diff.js
194 silly gunzTarPerm extractEntry lib/vendor/highlight.js/languages/renderman.js
195 silly gunzTarPerm extractEntry lib/vendor/highlight.js/languages/delphi.js
196 silly gunzTarPerm extractEntry lib/vendor/highlight.js/languages/ruby.js
197 silly gunzTarPerm extractEntry lib/vendor/highlight.js/languages/css.js
198 silly gunzTarPerm extractEntry lib/vendor/highlight.js/languages/scala.js
199 silly gunzTarPerm extractEntry lib/vendor/highlight.js/languages/cs.js
200 silly gunzTarPerm extractEntry lib/vendor/highlight.js/languages/smalltalk.js
201 silly gunzTarPerm extractEntry lib/vendor/highlight.js/languages/cpp.js
202 silly gunzTarPerm extractEntry lib/vendor/highlight.js/languages/sql.js
203 silly gunzTarPerm extractEntry lib/vendor/highlight.js/languages/cmake.js
204 silly gunzTarPerm extractEntry lib/vendor/highlight.js/languages/tex.js
205 silly gunzTarPerm extractEntry lib/vendor/highlight.js/languages/bash.js
206 silly gunzTarPerm extractEntry lib/vendor/highlight.js/languages/vala.js
207 silly gunzTarPerm extractEntry lib/vendor/highlight.js/languages/axapta.js
208 silly gunzTarPerm extractEntry lib/vendor/highlight.js/languages/vbscript.js
209 silly gunzTarPerm extractEntry lib/vendor/highlight.js/languages/avrasm.js
210 silly gunzTarPerm extractEntry lib/vendor/highlight.js/languages/vhdl.js
211 silly gunzTarPerm extractEntry lib/vendor/highlight.js/languages/apache.js
212 silly gunzTarPerm extractEntry lib/vendor/highlight.js/languages/xml.js
213 silly gunzTarPerm extractEntry lib/vendor/highlight.js/languages/lisp.js
214 silly gunzTarPerm extractEntry lib/vendor/highlight.js/export.html
215 silly gunzTarPerm extractEntry lib/vendor/highlight.js/AUTHORS.ru.txt
216 silly gunzTarPerm extractEntry lib/vendor/highlight.js/AUTHORS.en.txt
217 silly gunzTarPerm extractEntry lib/vendor/highlight.js/readme.eng.txt
218 silly gunzTarPerm extractEntry lib/vendor/highlight.js/classref.txt
219 silly gunzTarPerm extractEntry lib/vendor/highlight.js/README.ru.md
220 silly gunzTarPerm extractEntry lib/vendor/highlight.js/readme.rus.txt
221 silly gunzTarPerm extractEntry lib/vendor/highlight.js/styles/idea.css
222 silly gunzTarPerm extractEntry lib/vendor/highlight.js/styles/ascetic.css
223 silly gunzTarPerm extractEntry lib/vendor/highlight.js/styles/brown_papersq.png
224 silly gunzTarPerm extractEntry lib/vendor/highlight.js/styles/dark.css
225 silly gunzTarPerm extractEntry lib/vendor/highlight.js/styles/default.css
226 silly gunzTarPerm extractEntry lib/vendor/highlight.js/styles/far.css
227 silly gunzTarPerm extractEntry lib/vendor/highlight.js/styles/github.css
228 silly gunzTarPerm extractEntry lib/vendor/highlight.js/styles/brown_paper.css
229 silly gunzTarPerm extractEntry lib/vendor/highlight.js/styles/ir_black.css
230 silly gunzTarPerm extractEntry lib/vendor/highlight.js/styles/magula.css
231 silly gunzTarPerm extractEntry lib/vendor/highlight.js/styles/school_book.css
232 silly gunzTarPerm extractEntry lib/vendor/highlight.js/styles/school_book.png
233 silly gunzTarPerm extractEntry lib/vendor/highlight.js/styles/sunburst.css
234 silly gunzTarPerm extractEntry lib/vendor/highlight.js/styles/vs.css
235 silly gunzTarPerm extractEntry lib/vendor/highlight.js/styles/zenburn.css
236 silly gunzTarPerm extractEntry lib/vendor/highlight.js/test.html
237 verbose write writing to /Users/lmr/code/react-blogger/node_modules/highlight/package.json
238 info preinstall highlight@0.2.3
239 verbose readDependencies loading dependencies from /Users/lmr/code/react-blogger/node_modules/highlight/package.json
240 verbose readDependencies loading dependencies from /Users/lmr/code/react-blogger/node_modules/highlight/package.json
241 silly install resolved []
242 verbose about to build /Users/lmr/code/react-blogger/node_modules/highlight
243 info build /Users/lmr/code/react-blogger/node_modules/highlight
244 info linkStuff highlight@0.2.3
245 silly linkStuff highlight@0.2.3 has /Users/lmr/code/react-blogger/node_modules as its parent node_modules
246 verbose linkBins highlight@0.2.3
247 verbose linkMans highlight@0.2.3
248 verbose rebuildBundles highlight@0.2.3
249 info install highlight@0.2.3
250 info postinstall highlight@0.2.3
251 verbose unlock done using /Users/lmr/.npm/_locks/highlight-9ed682200da1d197.lock for /Users/lmr/code/react-blogger/node_modules/highlight
252 verbose validateInstall loading /Users/lmr/code/react-blogger/package.json for validation
253 verbose stack Error: The package webpack does not satisfy its siblings' peerDependencies requirements!
253 verbose stack     at /usr/local/lib/node_modules/npm/lib/install.js:125:32
253 verbose stack     at /usr/local/lib/node_modules/npm/lib/install.js:267:7
253 verbose stack     at /usr/local/lib/node_modules/npm/node_modules/read-installed/read-installed.js:142:5
253 verbose stack     at /usr/local/lib/node_modules/npm/node_modules/read-installed/read-installed.js:263:14
253 verbose stack     at cb (/usr/local/lib/node_modules/npm/node_modules/slide/lib/async-map.js:47:24)
253 verbose stack     at /usr/local/lib/node_modules/npm/node_modules/read-installed/read-installed.js:263:14
253 verbose stack     at cb (/usr/local/lib/node_modules/npm/node_modules/slide/lib/async-map.js:47:24)
253 verbose stack     at /usr/local/lib/node_modules/npm/node_modules/read-installed/read-installed.js:263:14
253 verbose stack     at cb (/usr/local/lib/node_modules/npm/node_modules/slide/lib/async-map.js:47:24)
253 verbose stack     at /usr/local/lib/node_modules/npm/node_modules/read-installed/read-installed.js:263:14
254 verbose cwd /Users/lmr/code/react-blogger
255 error Darwin 14.3.0
256 error argv "node" "/usr/local/bin/npm" "i" "--save" "highlight"
257 error node v0.12.6
258 error npm  v2.12.1
259 error code EPEERINVALID
260 error peerinvalid The package webpack does not satisfy its siblings' peerDependencies requirements!
260 error peerinvalid Peer babel-loader@5.1.3 wants webpack@*
260 error peerinvalid Peer extract-text-webpack-plugin@0.8.2 wants webpack@^1.9.11
260 error peerinvalid Peer karma-webpack@1.5.1 wants webpack@^1.4.0
260 error peerinvalid Peer webpack-dev-server@1.9.0 wants webpack@^1.3.0
261 verbose exit [ 1, true ]
